<?xml version="1.0" encoding="UTF-8"?>
<robot generator="Robot 7.0 (Python 3.12.4 on win32)" generated="2024-06-09T18:34:52.805870" rpa="false" schemaversion="5">
<suite id="s1" name="TC11" source="C:\Users\User\PycharmProjects\PythonSelenium1\PythonSelenium1\Python_Selenium\TestCases\TC11.robot">
<kw name="Open my Browser" owner="Login_Resources" type="SETUP">
<kw name="Open Browser" owner="SeleniumLibrary">
<msg time="2024-06-09T18:34:53.471943" level="INFO">Opening browser 'chrome' to base url 'https://www.demoblaze.com/'.</msg>
<msg time="2024-06-09T18:34:53.471943" level="INFO">Cannot capture screenshot because no browser is open.</msg>
<msg time="2024-06-09T18:34:53.471943" level="FAIL">NoSuchDriverException: Message: Unable to obtain driver for chrome; For documentation on this error, please visit: https://www.selenium.dev/documentation/webdriver/troubleshooting/errors/driver_location
</msg>
<arg>${LOGIN URL}</arg>
<arg>${BROWSER}</arg>
<arg>executable_path=${CHROMEDRIVERPATH}</arg>
<doc>Opens a new browser instance to the optional ``url``.</doc>
<status status="FAIL" start="2024-06-09T18:34:53.471943" elapsed="0.000000">NoSuchDriverException: Message: Unable to obtain driver for chrome; For documentation on this error, please visit: https://www.selenium.dev/documentation/webdriver/troubleshooting/errors/driver_location
</status>
</kw>
<kw name="Maximize Browser Window" owner="SeleniumLibrary">
<doc>Maximizes current browser window.</doc>
<status status="NOT RUN" start="2024-06-09T18:34:53.471943" elapsed="0.000000"/>
</kw>
<status status="FAIL" start="2024-06-09T18:34:53.471943" elapsed="0.000000">NoSuchDriverException: Message: Unable to obtain driver for chrome; For documentation on this error, please visit: https://www.selenium.dev/documentation/webdriver/troubleshooting/errors/driver_location
</status>
</kw>
<test id="s1-t1" name="LoginTestwithExcel" line="11">
<status status="FAIL" start="2024-06-09T18:34:53.471943" elapsed="0.000000">Parent suite setup failed:
NoSuchDriverException: Message: Unable to obtain driver for chrome; For documentation on this error, please visit: https://www.selenium.dev/documentation/webdriver/troubleshooting/errors/driver_location
</status>
</test>
<kw name="Close Browsers" owner="Login_Resources" type="TEARDOWN">
<kw name="Close All Browsers" owner="SeleniumLibrary">
<doc>Closes all open browsers and resets the browser cache.</doc>
<status status="PASS" start="2024-06-09T18:34:53.471943" elapsed="0.000000"/>
</kw>
<status status="PASS" start="2024-06-09T18:34:53.471943" elapsed="0.000000"/>
</kw>
<status status="FAIL" start="2024-06-09T18:34:52.805870" elapsed="0.666073">Suite setup failed:
NoSuchDriverException: Message: Unable to obtain driver for chrome; For documentation on this error, please visit: https://www.selenium.dev/documentation/webdriver/troubleshooting/errors/driver_location
</status>
</suite>
<statistics>
<total>
<stat pass="0" fail="1" skip="0">All Tests</stat>
</total>
<tag>
</tag>
<suite>
<stat pass="0" fail="1" skip="0" id="s1" name="TC11">TC11</stat>
</suite>
</statistics>
<errors>
<msg time="2024-06-09T18:34:53.455363" level="ERROR">[ DataDriver ] Error in robot file:
  File "C:\Users\User\PycharmProjects\PythonSelenium1\PythonSelenium1\Python_Selenium\TestCases\TC11.robot", line 0</msg>
<msg time="2024-06-09T18:34:53.455363" level="ERROR">In source file:
  File "C:\Users\User\PycharmProjects\PythonSelenium1\PythonSelenium1\Python_Selenium\TestCases\..\TestData\LoginData.xlsx", line 0</msg>
<msg time="2024-06-09T18:34:53.471943" level="ERROR">Calling method '_start_suite' of listener 'DataDriver' failed: AttributeError: No "Test Template" keyword found for first test case.</msg>
</errors>
</robot>
